<?xml version="1.0" encoding="UTF-8"?>
<!-- Generated by org.testng.reporters.JUnitReportReporter -->
<testsuite skipped="0" hostname="II02-JWXVKC2" name="Test.Test99GuruLoginWithPageFactory" tests="1" failures="0" timestamp="21 Jul 2019 14:58:58 GMT" time="1.970" errors="0">
  <testcase name="test_Home_Page_Appear_Correct" time="1.970" classname="Test.Test99GuruLoginWithPageFactory"/>
</testsuite> <!-- Test.Test99GuruLoginWithPageFactory -->
